<?xml version="1.0" encoding="UTF-8"?>
<!-- Generated by org.testng.reporters.JUnitXMLReporter -->
<testsuite ignored="0" hostname="LAPTOP-JFJKLQBL" failures="0" tests="3" name="Default test" time="68.664" errors="0" timestamp="2020-11-01T19:08:38 IST">
  <testcase classname="FindingHospital.SearchHospitals" name="findHospitals" time="11.405"/>
  <testcase classname="FindingHospital.searchForDiagnostic" name="searchForTopCities" time="34.487"/>
  <testcase classname="FindingHospital.corporateWellness" name="searchForCorporateWellness" time="8.639"/>
</testsuite> <!-- Default test -->
