<?xml version="1.0" encoding="UTF-8"?>
<testng-results ignored="0" total="3" passed="3" failed="0" skipped="0">
  <reporter-output>
  </reporter-output>
  <suite started-at="2020-11-01T19:07:29 IST" name="Default suite" finished-at="2020-11-01T19:08:38 IST" duration-ms="68664">
    <groups>
    </groups>
    <test started-at="2020-11-01T19:07:29 IST" name="Default test" finished-at="2020-11-01T19:08:38 IST" duration-ms="68664">
      <class name="FindingHospital.corporateWellness">
        <test-method is-config="true" signature="beforeClass()[pri:0, instance:FindingHospital.corporateWellness@5dd6264]" started-at="2020-11-01T19:07:29 IST" name="beforeClass" finished-at="2020-11-01T19:07:43 IST" duration-ms="13458" status="PASS">
          <reporter-output>
          </reporter-output>
        </test-method> <!-- beforeClass -->
        <test-method signature="findHospitals()[pri:0, instance:FindingHospital.corporateWellness@5dd6264]" started-at="2020-11-01T19:07:43 IST" name="findHospitals" finished-at="2020-11-01T19:07:54 IST" duration-ms="11405" status="PASS">
          <reporter-output>
          </reporter-output>
        </test-method> <!-- findHospitals -->
        <test-method signature="searchForTopCities()[pri:1, instance:FindingHospital.corporateWellness@5dd6264]" started-at="2020-11-01T19:07:54 IST" name="searchForTopCities" finished-at="2020-11-01T19:08:29 IST" duration-ms="34487" status="PASS">
          <reporter-output>
          </reporter-output>
        </test-method> <!-- searchForTopCities -->
        <test-method signature="searchForCorporateWellness()[pri:2, instance:FindingHospital.corporateWellness@5dd6264]" started-at="2020-11-01T19:08:29 IST" name="searchForCorporateWellness" finished-at="2020-11-01T19:08:37 IST" duration-ms="8639" status="PASS">
          <reporter-output>
          </reporter-output>
        </test-method> <!-- searchForCorporateWellness -->
        <test-method is-config="true" signature="afterClass()[pri:0, instance:FindingHospital.corporateWellness@5dd6264]" started-at="2020-11-01T19:08:37 IST" name="afterClass" finished-at="2020-11-01T19:08:38 IST" duration-ms="651" status="PASS">
          <reporter-output>
          </reporter-output>
        </test-method> <!-- afterClass -->
      </class> <!-- FindingHospital.corporateWellness -->
    </test> <!-- Default test -->
  </suite> <!-- Default suite -->
</testng-results>
